2021-07-24 09:29:41,585 INFO 3494 [egg:logger] init all loggers with options: {"dir":"/Users/xqs/Documents/git/webnet/logs/ssr-with-js","encoding":"utf8","env":"local","level":"INFO","consoleLevel":"INFO","disableConsoleAfterReady":false,"outputJSON":false,"buffer":true,"appLogName":"ssr-with-js-web.log","coreLogName":"egg-web.log","agentLogName":"egg-agent.log","errorLogName":"common-error.log","coreLogger":{"consoleLevel":"WARN"},"allowDebugAtProd":false,"type":"application"}
2021-07-24 09:29:41,788 INFO 3494 [egg-multipart] stream mode enable
2021-07-24 09:29:41,930 INFO 3494 [egg-static] starting static serve / -> /Users/xqs/Documents/git/webnet/dist
2021-07-24 09:29:41,936 INFO 3494 [egg-static] starting static serve / -> /Users/xqs/Documents/git/webnet/app/public
2021-07-24 09:29:41,943 INFO 3494 [egg-security] use csrf middleware
2021-07-24 09:29:41,943 INFO 3494 [egg-security] use methodnoallow middleware
2021-07-24 09:29:41,943 INFO 3494 [egg-security] use noopen middleware
2021-07-24 09:29:41,944 INFO 3494 [egg-security] use nosniff middleware
2021-07-24 09:29:41,944 INFO 3494 [egg-security] use xssProtection middleware
2021-07-24 09:29:41,944 INFO 3494 [egg-security] use xframe middleware
2021-07-24 09:29:41,944 INFO 3494 [egg-security] use dta middleware
2021-07-24 09:29:41,944 INFO 3494 [egg-security] compose 7 middlewares into one security middleware
2021-07-24 09:29:42,059 INFO 3494 [egg:core] dump config after load, 34ms
2021-07-24 09:29:42,154 INFO 3494 [egg-watcher:application] watcher start success
2021-07-24 09:29:42,166 INFO 3494 [egg:core] dump config after ready, 7ms
2021-07-24 09:37:20,320 INFO 5357 [egg:logger] init all loggers with options: {"dir":"/Users/xqs/Documents/git/webnet/logs/ssr-with-js","encoding":"utf8","env":"local","level":"INFO","consoleLevel":"INFO","disableConsoleAfterReady":false,"outputJSON":false,"buffer":true,"appLogName":"ssr-with-js-web.log","coreLogName":"egg-web.log","agentLogName":"egg-agent.log","errorLogName":"common-error.log","coreLogger":{"consoleLevel":"WARN"},"allowDebugAtProd":false,"type":"application"}
2021-07-24 09:37:20,501 INFO 5357 [egg-multipart] stream mode enable
2021-07-24 09:37:20,602 INFO 5357 [egg-static] starting static serve / -> /Users/xqs/Documents/git/webnet/dist
2021-07-24 09:37:20,603 INFO 5357 [egg-static] starting static serve / -> /Users/xqs/Documents/git/webnet/app/public
2021-07-24 09:37:20,609 INFO 5357 [egg-security] use csrf middleware
2021-07-24 09:37:20,609 INFO 5357 [egg-security] use methodnoallow middleware
2021-07-24 09:37:20,609 INFO 5357 [egg-security] use noopen middleware
2021-07-24 09:37:20,610 INFO 5357 [egg-security] use nosniff middleware
2021-07-24 09:37:20,610 INFO 5357 [egg-security] use xssProtection middleware
2021-07-24 09:37:20,610 INFO 5357 [egg-security] use xframe middleware
2021-07-24 09:37:20,610 INFO 5357 [egg-security] use dta middleware
2021-07-24 09:37:20,610 INFO 5357 [egg-security] compose 7 middlewares into one security middleware
2021-07-24 09:37:20,701 INFO 5357 [egg:core] dump config after load, 31ms
2021-07-24 09:37:20,801 INFO 5357 [egg-watcher:application] watcher start success
2021-07-24 09:37:20,813 INFO 5357 [egg:core] dump config after ready, 7ms
